<?xml version="1.0" encoding="UTF-8"?>
<testng-results ignored="0" total="1" passed="1" failed="0" skipped="0">
  <reporter-output>
  </reporter-output>
  <suite started-at="2024-12-25T01:12:39 IST" name="Default suite" finished-at="2024-12-25T01:13:02 IST" duration-ms="23218">
    <groups>
    </groups>
    <test started-at="2024-12-25T01:12:39 IST" name="Default test" finished-at="2024-12-25T01:13:02 IST" duration-ms="23218">
      <class name="basicTestngConcepts.handlingwindow">
        <test-method signature="handlingwindow()[pri:0, instance:basicTestngConcepts.handlingwindow@71a8adcf]" started-at="2024-12-25T01:12:39 IST" name="handlingwindow" finished-at="2024-12-25T01:13:02 IST" duration-ms="23175" status="PASS">
          <reporter-output>
          </reporter-output>
        </test-method> <!-- handlingwindow -->
      </class> <!-- basicTestngConcepts.handlingwindow -->
    </test> <!-- Default test -->
  </suite> <!-- Default suite -->
</testng-results>
